<?xml version="1.0" encoding="UTF-8"?>
<!-- Generated by org.testng.reporters.JUnitXMLReporter -->
<testsuite hostname="WSMHD-1630" ignored="1" name="Test" tests="3" failures="0" timestamp="08 Jul 2019 09:27:33 GMT" time="0.08" errors="0">
  <testcase name="test1" time="0.008" classname="testNGPractice.testNGTestClass2"/>
  <testcase name="test1" time="0.002" classname="testNGPractice.testNGTestClass"/>
  <testcase name="test2" time="0.004" classname="testNGPractice.testNGTestClass"/>
  <testcase name="test2" time="0.0" classname="testNGPractice.testNGTestClass2">
    <ignored/>
  </testcase> <!-- test2 -->
</testsuite> <!-- Test -->
