<?xml version="1.0" encoding="UTF-8"?>
<!-- Generated by org.testng.reporters.JUnitXMLReporter -->
<testsuite hostname="WSMHD-1630" ignored="0" name="Default test" tests="4" failures="0" timestamp="08 Jul 2019 09:27:31 GMT" time="0.142" errors="0">
  <testcase name="test1" time="0.009" classname="testNGPractice.testNGTestClass"/>
  <testcase name="test2" time="0.002" classname="testNGPractice.testNGTestClass"/>
  <testcase name="test1" time="0.005" classname="testNGPractice.testNGTestClass2"/>
  <testcase name="test2" time="0.002" classname="testNGPractice.testNGTestClass2"/>
</testsuite> <!-- Default test -->
