<?xml version="1.0" encoding="UTF-8"?>
<!-- Generated by org.testng.reporters.JUnitXMLReporter -->
<testsuite hostname="WSMHD-1630" ignored="0" name="testNGPractice" tests="4" failures="0" timestamp="08 Jul 2019 07:07:15 GMT" time="0.076" errors="0">
  <testcase name="test1" time="0.015" classname="testNGPractice.testNGTestClass"/>
  <testcase name="test2" time="0.003" classname="testNGPractice.testNGTestClass"/>
  <testcase name="test1_1" time="0.003" classname="testNGPractice.testNGTestClass2"/>
  <testcase name="test2_1" time="0.002" classname="testNGPractice.testNGTestClass2"/>
</testsuite> <!-- testNGPractice -->
